<?xml version="1.0" encoding="UTF-8"?>
<testng-results skipped="0" failed="0" ignored="0" total="1" passed="1">
  <reporter-output>
  </reporter-output>
  <suite name="Default suite" duration-ms="22016" started-at="2020-04-21T05:27:41Z" finished-at="2020-04-21T05:28:03Z">
    <groups>
    </groups>
    <test name="Default test" duration-ms="22016" started-at="2020-04-21T05:27:41Z" finished-at="2020-04-21T05:28:03Z">
      <class name="tests.WifiPreferenceTest">
        <test-method status="PASS" signature="beforeClass()[pri:0, instance:tests.WifiPreferenceTest@67784306]" name="beforeClass" is-config="true" duration-ms="15445" started-at="2020-04-21T08:27:41Z" finished-at="2020-04-21T08:27:57Z">
          <reporter-output>
          </reporter-output>
        </test-method> <!-- beforeClass -->
        <test-method status="PASS" signature="checkWifi()[pri:0, instance:tests.WifiPreferenceTest@67784306]" name="checkWifi" duration-ms="6549" started-at="2020-04-21T08:27:57Z" finished-at="2020-04-21T08:28:03Z">
          <reporter-output>
          </reporter-output>
        </test-method> <!-- checkWifi -->
      </class> <!-- tests.WifiPreferenceTest -->
    </test> <!-- Default test -->
  </suite> <!-- Default suite -->
</testng-results>
